

================================================================
== Vitis HLS Report for 'bfs_gas_Pipeline_VITIS_LOOP_22_1'
================================================================
* Date:           Tue Nov 19 17:59:48 2024

* Version:        2022.2 (Build 3670227 on Oct 13 2022)
* Project:        bfs_x_222
* Solution:       solution1 (Vivado IP Flow Target)
* Product family: virtexuplus
* Target device:  xcu250-figd2104-2L-e


================================================================
== Performance Estimates
================================================================
+ Timing: 
    * Summary: 
    +--------+---------+----------+------------+
    |  Clock |  Target | Estimated| Uncertainty|
    +--------+---------+----------+------------+
    |ap_clk  |  5.00 ns|  2.896 ns|     1.35 ns|
    +--------+---------+----------+------------+

+ Latency: 
    * Summary: 
    +---------+---------+----------+----------+-----+-----+---------+
    |  Latency (cycles) |  Latency (absolute) |  Interval | Pipeline|
    |   min   |   max   |    min   |    max   | min | max |   Type  |
    +---------+---------+----------+----------+-----+-----+---------+
    |        ?|        ?|         ?|         ?|    ?|    ?|       no|
    +---------+---------+----------+----------+-----+-----+---------+

    + Detail: 
        * Instance: 
        N/A

        * Loop: 
        +-------------------+---------+---------+----------+-----------+-----------+------+----------+
        |                   |  Latency (cycles) | Iteration|  Initiation Interval  | Trip |          |
        |     Loop Name     |   min   |   max   |  Latency |  achieved |   target  | Count| Pipelined|
        +-------------------+---------+---------+----------+-----------+-----------+------+----------+
        |- VITIS_LOOP_22_1  |        ?|        ?|         1|          1|          1|     ?|       yes|
        +-------------------+---------+---------+----------+-----------+-----------+------+----------+



================================================================
== Utilization Estimates
================================================================
* Summary: 
+---------------------+---------+-------+---------+---------+------+
|         Name        | BRAM_18K|  DSP  |    FF   |   LUT   | URAM |
+---------------------+---------+-------+---------+---------+------+
|DSP                  |        -|      -|        -|        -|     -|
|Expression           |        -|      -|        0|       47|     -|
|FIFO                 |        -|      -|        -|        -|     -|
|Instance             |        -|      -|        -|        -|     -|
|Memory               |        -|      -|        -|        -|     -|
|Multiplexer          |        -|      -|        -|       27|     -|
|Register             |        -|      -|       22|        -|     -|
+---------------------+---------+-------+---------+---------+------+
|Total                |        0|      0|       22|       74|     0|
+---------------------+---------+-------+---------+---------+------+
|Available SLR        |     1344|   3072|   864000|   432000|   320|
+---------------------+---------+-------+---------+---------+------+
|Utilization SLR (%)  |        0|      0|       ~0|       ~0|     0|
+---------------------+---------+-------+---------+---------+------+
|Available            |     5376|  12288|  3456000|  1728000|  1280|
+---------------------+---------+-------+---------+---------+------+
|Utilization (%)      |        0|      0|       ~0|       ~0|     0|
+---------------------+---------+-------+---------+---------+------+

+ Detail: 
    * Instance: 
    N/A

    * DSP: 
    N/A

    * Memory: 
    N/A

    * FIFO: 
    N/A

    * Expression: 
    +-----------------------+----------+----+---+----+------------+------------+
    |     Variable Name     | Operation| DSP| FF| LUT| Bitwidth P0| Bitwidth P1|
    +-----------------------+----------+----+---+----+------------+------------+
    |add_ln840_fu_376_p2    |         +|   0|  0|  27|          20|           1|
    |icmp_ln1027_fu_370_p2  |      icmp|   0|  0|  20|          32|          32|
    +-----------------------+----------+----+---+----+------------+------------+
    |Total                  |          |   0|  0|  47|          52|          33|
    +-----------------------+----------+----+---+----+------------+------------+

    * Multiplexer: 
    +------------------------+----+-----------+-----+-----------+
    |          Name          | LUT| Input Size| Bits| Total Bits|
    +------------------------+----+-----------+-----+-----------+
    |ap_done_int             |   9|          2|    1|          2|
    |ap_sig_allocacmp_i_V_1  |   9|          2|   20|         40|
    |i_V_fu_106              |   9|          2|   20|         40|
    +------------------------+----+-----------+-----+-----------+
    |Total                   |  27|          6|   41|         82|
    +------------------------+----+-----------+-----+-----------+

    * Register: 
    +-------------+----+----+-----+-----------+
    |     Name    | FF | LUT| Bits| Const Bits|
    +-------------+----+----+-----+-----------+
    |ap_CS_fsm    |   1|   0|    1|          0|
    |ap_done_reg  |   1|   0|    1|          0|
    |i_V_fu_106   |  20|   0|   20|          0|
    +-------------+----+----+-----+-----------+
    |Total        |  22|   0|   22|          0|
    +-------------+----+----+-----+-----------+



================================================================
== Interface
================================================================
* Summary: 
+-----------------------+-----+-----+------------+----------------------------------+--------------+
|       RTL Ports       | Dir | Bits|  Protocol  |           Source Object          |    C Type    |
+-----------------------+-----+-----+------------+----------------------------------+--------------+
|ap_clk                 |   in|    1|  ap_ctrl_hs|  bfs_gas_Pipeline_VITIS_LOOP_22_1|  return value|
|ap_rst                 |   in|    1|  ap_ctrl_hs|  bfs_gas_Pipeline_VITIS_LOOP_22_1|  return value|
|ap_start               |   in|    1|  ap_ctrl_hs|  bfs_gas_Pipeline_VITIS_LOOP_22_1|  return value|
|ap_done                |  out|    1|  ap_ctrl_hs|  bfs_gas_Pipeline_VITIS_LOOP_22_1|  return value|
|ap_idle                |  out|    1|  ap_ctrl_hs|  bfs_gas_Pipeline_VITIS_LOOP_22_1|  return value|
|ap_ready               |  out|    1|  ap_ctrl_hs|  bfs_gas_Pipeline_VITIS_LOOP_22_1|  return value|
|num_nodes              |   in|   32|     ap_none|                         num_nodes|        scalar|
|distances_0_address0   |  out|   16|   ap_memory|                       distances_0|         array|
|distances_0_ce0        |  out|    1|   ap_memory|                       distances_0|         array|
|distances_0_we0        |  out|    1|   ap_memory|                       distances_0|         array|
|distances_0_d0         |  out|   32|   ap_memory|                       distances_0|         array|
|visited_1_address1     |  out|   20|   ap_memory|                         visited_1|         array|
|visited_1_ce1          |  out|    1|   ap_memory|                         visited_1|         array|
|visited_1_we1          |  out|    1|   ap_memory|                         visited_1|         array|
|visited_1_d1           |  out|    1|   ap_memory|                         visited_1|         array|
|distances_1_address0   |  out|   16|   ap_memory|                       distances_1|         array|
|distances_1_ce0        |  out|    1|   ap_memory|                       distances_1|         array|
|distances_1_we0        |  out|    1|   ap_memory|                       distances_1|         array|
|distances_1_d0         |  out|   32|   ap_memory|                       distances_1|         array|
|distances_2_address0   |  out|   16|   ap_memory|                       distances_2|         array|
|distances_2_ce0        |  out|    1|   ap_memory|                       distances_2|         array|
|distances_2_we0        |  out|    1|   ap_memory|                       distances_2|         array|
|distances_2_d0         |  out|   32|   ap_memory|                       distances_2|         array|
|distances_3_address0   |  out|   16|   ap_memory|                       distances_3|         array|
|distances_3_ce0        |  out|    1|   ap_memory|                       distances_3|         array|
|distances_3_we0        |  out|    1|   ap_memory|                       distances_3|         array|
|distances_3_d0         |  out|   32|   ap_memory|                       distances_3|         array|
|distances_4_address0   |  out|   16|   ap_memory|                       distances_4|         array|
|distances_4_ce0        |  out|    1|   ap_memory|                       distances_4|         array|
|distances_4_we0        |  out|    1|   ap_memory|                       distances_4|         array|
|distances_4_d0         |  out|   32|   ap_memory|                       distances_4|         array|
|distances_5_address0   |  out|   16|   ap_memory|                       distances_5|         array|
|distances_5_ce0        |  out|    1|   ap_memory|                       distances_5|         array|
|distances_5_we0        |  out|    1|   ap_memory|                       distances_5|         array|
|distances_5_d0         |  out|   32|   ap_memory|                       distances_5|         array|
|distances_6_address0   |  out|   16|   ap_memory|                       distances_6|         array|
|distances_6_ce0        |  out|    1|   ap_memory|                       distances_6|         array|
|distances_6_we0        |  out|    1|   ap_memory|                       distances_6|         array|
|distances_6_d0         |  out|   32|   ap_memory|                       distances_6|         array|
|distances_7_address0   |  out|   16|   ap_memory|                       distances_7|         array|
|distances_7_ce0        |  out|    1|   ap_memory|                       distances_7|         array|
|distances_7_we0        |  out|    1|   ap_memory|                       distances_7|         array|
|distances_7_d0         |  out|   32|   ap_memory|                       distances_7|         array|
|distances_8_address0   |  out|   16|   ap_memory|                       distances_8|         array|
|distances_8_ce0        |  out|    1|   ap_memory|                       distances_8|         array|
|distances_8_we0        |  out|    1|   ap_memory|                       distances_8|         array|
|distances_8_d0         |  out|   32|   ap_memory|                       distances_8|         array|
|distances_9_address0   |  out|   16|   ap_memory|                       distances_9|         array|
|distances_9_ce0        |  out|    1|   ap_memory|                       distances_9|         array|
|distances_9_we0        |  out|    1|   ap_memory|                       distances_9|         array|
|distances_9_d0         |  out|   32|   ap_memory|                       distances_9|         array|
|distances_10_address0  |  out|   16|   ap_memory|                      distances_10|         array|
|distances_10_ce0       |  out|    1|   ap_memory|                      distances_10|         array|
|distances_10_we0       |  out|    1|   ap_memory|                      distances_10|         array|
|distances_10_d0        |  out|   32|   ap_memory|                      distances_10|         array|
|distances_11_address0  |  out|   16|   ap_memory|                      distances_11|         array|
|distances_11_ce0       |  out|    1|   ap_memory|                      distances_11|         array|
|distances_11_we0       |  out|    1|   ap_memory|                      distances_11|         array|
|distances_11_d0        |  out|   32|   ap_memory|                      distances_11|         array|
|distances_12_address0  |  out|   16|   ap_memory|                      distances_12|         array|
|distances_12_ce0       |  out|    1|   ap_memory|                      distances_12|         array|
|distances_12_we0       |  out|    1|   ap_memory|                      distances_12|         array|
|distances_12_d0        |  out|   32|   ap_memory|                      distances_12|         array|
|distances_13_address0  |  out|   16|   ap_memory|                      distances_13|         array|
|distances_13_ce0       |  out|    1|   ap_memory|                      distances_13|         array|
|distances_13_we0       |  out|    1|   ap_memory|                      distances_13|         array|
|distances_13_d0        |  out|   32|   ap_memory|                      distances_13|         array|
|distances_14_address0  |  out|   16|   ap_memory|                      distances_14|         array|
|distances_14_ce0       |  out|    1|   ap_memory|                      distances_14|         array|
|distances_14_we0       |  out|    1|   ap_memory|                      distances_14|         array|
|distances_14_d0        |  out|   32|   ap_memory|                      distances_14|         array|
|distances_15_address0  |  out|   16|   ap_memory|                      distances_15|         array|
|distances_15_ce0       |  out|    1|   ap_memory|                      distances_15|         array|
|distances_15_we0       |  out|    1|   ap_memory|                      distances_15|         array|
|distances_15_d0        |  out|   32|   ap_memory|                      distances_15|         array|
+-----------------------+-----+-----+------------+----------------------------------+--------------+

